C:\USERS\SMORTON\DOCUMENTS\VISUAL STUDIO 2010\PROJECTS\SA_FRIEND\RELEASE\SA_FRIEND.EXE
C:\USERS\SMORTON\DOCUMENTS\VISUAL STUDIO 2010\PROJECTS\SA_FRIEND\RELEASE\SA_FRIEND.PDB
C:\USERS\SMORTON\DOCUMENTS\VISUAL STUDIO 2010\PROJECTS\SA_FRIEND\SA_FRIEND\RELEASE\.NETFRAMEWORK,VERSION=V4.0.ASSEMBLYATTRIBUTES.OBJ
C:\USERS\SMORTON\DOCUMENTS\VISUAL STUDIO 2010\PROJECTS\SA_FRIEND\SA_FRIEND\RELEASE\APP.RES
C:\USERS\SMORTON\DOCUMENTS\VISUAL STUDIO 2010\PROJECTS\SA_FRIEND\SA_FRIEND\RELEASE\ASSEMBLYINFO.OBJ
C:\Users\smorton\Documents\Visual Studio 2010\Projects\SA_Friend\SA_Friend\Release\cl.command.1.tlog
C:\Users\smorton\Documents\Visual Studio 2010\Projects\SA_Friend\SA_Friend\Release\CL.read.1.tlog
C:\Users\smorton\Documents\Visual Studio 2010\Projects\SA_Friend\SA_Friend\Release\CL.write.1.tlog
C:\Users\smorton\Documents\Visual Studio 2010\Projects\SA_Friend\SA_Friend\Release\GenerateResource.read.9.tlog
C:\Users\smorton\Documents\Visual Studio 2010\Projects\SA_Friend\SA_Friend\Release\GenerateResource.write.9.tlog
C:\Users\smorton\Documents\Visual Studio 2010\Projects\SA_Friend\SA_Friend\Release\link.command.1.tlog
C:\Users\smorton\Documents\Visual Studio 2010\Projects\SA_Friend\SA_Friend\Release\link.read.1.tlog
C:\Users\smorton\Documents\Visual Studio 2010\Projects\SA_Friend\SA_Friend\Release\link.write.1.tlog
C:\Users\smorton\Documents\Visual Studio 2010\Projects\SA_Friend\SA_Friend\Release\link-cvtres.read.1.tlog
C:\Users\smorton\Documents\Visual Studio 2010\Projects\SA_Friend\SA_Friend\Release\link-cvtres.write.1.tlog
C:\Users\smorton\Documents\Visual Studio 2010\Projects\SA_Friend\SA_Friend\Release\metagen.read.1.tlog
C:\Users\smorton\Documents\Visual Studio 2010\Projects\SA_Friend\SA_Friend\Release\metagen.write.1.tlog
C:\Users\smorton\Documents\Visual Studio 2010\Projects\SA_Friend\SA_Friend\Release\mt.command.1.tlog
C:\Users\smorton\Documents\Visual Studio 2010\Projects\SA_Friend\SA_Friend\Release\mt.read.1.tlog
C:\Users\smorton\Documents\Visual Studio 2010\Projects\SA_Friend\SA_Friend\Release\mt.write.1.tlog
C:\Users\smorton\Documents\Visual Studio 2010\Projects\SA_Friend\SA_Friend\Release\rc.command.1.tlog
C:\Users\smorton\Documents\Visual Studio 2010\Projects\SA_Friend\SA_Friend\Release\rc.read.1.tlog
C:\Users\smorton\Documents\Visual Studio 2010\Projects\SA_Friend\SA_Friend\Release\rc.write.1.tlog
C:\Users\smorton\Documents\Visual Studio 2010\Projects\SA_Friend\SA_Friend\Release\RSAENH.DLL.bi
C:\USERS\SMORTON\DOCUMENTS\VISUAL STUDIO 2010\PROJECTS\SA_FRIEND\SA_FRIEND\RELEASE\SA_FRIEND.EXE.INTERMEDIATE.MANIFEST
C:\USERS\SMORTON\DOCUMENTS\VISUAL STUDIO 2010\PROJECTS\SA_FRIEND\SA_FRIEND\RELEASE\SA_FRIEND.FORM1.RESOURCES
C:\USERS\SMORTON\DOCUMENTS\VISUAL STUDIO 2010\PROJECTS\SA_FRIEND\SA_FRIEND\RELEASE\SA_FRIEND.OBJ
C:\USERS\SMORTON\DOCUMENTS\VISUAL STUDIO 2010\PROJECTS\SA_FRIEND\SA_FRIEND\RELEASE\SA_FRIEND.PCH
C:\Users\smorton\Documents\Visual Studio 2010\Projects\SA_Friend\SA_Friend\Release\SA_Friend.write.1.tlog
C:\USERS\SMORTON\DOCUMENTS\VISUAL STUDIO 2010\PROJECTS\SA_FRIEND\SA_FRIEND\RELEASE\STDAFX.OBJ
C:\Users\smorton\Documents\Visual Studio 2010\Projects\SA_Friend\SA_Friend\Release\TZRES.DLL.bi
C:\USERS\SMORTON\DOCUMENTS\VISUAL STUDIO 2010\PROJECTS\SA_FRIEND\SA_FRIEND\RELEASE\VC100.PDB
